<?xml version="1.0" encoding="UTF-8"?>
<!-- Generated by org.testng.reporters.JUnitXMLReporter -->
<testsuite ignored="0" hostname="DESKTOP-J2AH7RF" failures="0" tests="4" name="Default test" time="55.001" errors="0" timestamp="2025-02-07T15:03:17 IST">
  <testcase classname="MarketPlace.Tests.Submit" name="Contactus" time="9.205"/>
  <testcase classname="MarketPlace.Tests.Submit" name="Contactus" time="6.63"/>
  <testcase classname="MarketPlace.Tests.Submit" name="Login" time="0.44"/>
  <testcase classname="MarketPlace.Tests.Submit" name="Login" time="0.4"/>
</testsuite> <!-- Default test -->
