<?xml version="1.0" encoding="UTF-8"?>
<!-- Generated by org.testng.reporters.JUnitXMLReporter -->
<testsuite ignored="0" hostname="DESKTOP-J2AH7RF" failures="0" tests="4" name="Default test" time="72.962" errors="0" timestamp="2025-02-05T12:28:20 IST">
  <testcase classname="MarketPlace.Tests.Submit" name="Contactus" time="14.736"/>
  <testcase classname="MarketPlace.Tests.Submit" name="Contactus" time="7.024"/>
  <testcase classname="MarketPlace.Tests.Submit" name="Login" time="0.392"/>
  <testcase classname="MarketPlace.Tests.Submit" name="Login" time="0.375"/>
</testsuite> <!-- Default test -->
