<?xml version="1.0" encoding="UTF-8"?>
<!-- Generated by org.testng.reporters.JUnitXMLReporter -->
<testsuite ignored="0" hostname="DESKTOP-J2AH7RF" failures="0" tests="4" name="contactUs Test" time="66.058" errors="0" timestamp="2025-02-06T10:27:11 IST">
  <testcase classname="MarketPlace.Tests.Submit" name="Contactus" time="5.422"/>
  <testcase classname="MarketPlace.Tests.Submit" name="Contactus" time="5.067"/>
  <testcase classname="MarketPlace.Tests.Submit" name="Login" time="0.324"/>
  <testcase classname="MarketPlace.Tests.Submit" name="Login" time="0.327"/>
</testsuite> <!-- contactUs Test -->
