<?xml version="1.0" encoding="UTF-8"?>
<!-- Generated by org.testng.reporters.JUnitXMLReporter -->
<testsuite ignored="0" hostname="DESKTOP-J2AH7RF" failures="1" tests="1" name="Error Validation Test" time="9.659" errors="0" timestamp="2025-02-05T13:04:15 IST">
  <testcase classname="MarketPlace.Tests.ErrorValidation" name="LoginErrorValidation" time="1.3">
    <failure type="java.lang.AssertionError" message="Error message did not match! expected [user nots found] but found [user not found]">
      <![CDATA[java.lang.AssertionError: Error message did not match! expected [user nots found] but found [user not found]
at MarketPlace.Tests.ErrorValidation.LoginErrorValidation(ErrorValidation.java:23)
at java.base/java.util.ArrayList.forEach(ArrayList.java:1597)
... Removed 30 stack frames]]>
    </failure>
  </testcase> <!-- LoginErrorValidation -->
</testsuite> <!-- Error Validation Test -->
