<?xml version="1.0" encoding="UTF-8"?>
<!-- Generated by org.testng.reporters.JUnitXMLReporter -->
<testsuite ignored="0" hostname="DESKTOP-J2AH7RF" failures="0" tests="4" name="Submit Order Test" time="53.596" errors="0" timestamp="2025-02-05T12:58:16 IST">
  <testcase classname="MarketPlace.Tests.Submit" name="Contactus" time="11.37"/>
  <testcase classname="MarketPlace.Tests.Submit" name="Contactus" time="7.639"/>
  <testcase classname="MarketPlace.Tests.Submit" name="Login" time="0.4"/>
  <testcase classname="MarketPlace.Tests.Submit" name="Login" time="0.364"/>
</testsuite> <!-- Submit Order Test -->
