<?xml version="1.0" encoding="UTF-8"?>
<!-- Generated by org.testng.reporters.JUnitXMLReporter -->
<testsuite ignored="0" hostname="DESKTOP-J2AH7RF" failures="0" tests="4" name="Submit Test" time="39.963" errors="0" timestamp="2025-02-05T13:04:05 IST">
  <testcase classname="MarketPlace.Tests.Submit" name="Contactus" time="6.121"/>
  <testcase classname="MarketPlace.Tests.Submit" name="Contactus" time="5.227"/>
  <testcase classname="MarketPlace.Tests.Submit" name="Login" time="0.323"/>
  <testcase classname="MarketPlace.Tests.Submit" name="Login" time="0.376"/>
</testsuite> <!-- Submit Test -->
