<?xml version="1.0" encoding="UTF-8"?>
<testng-results ignored="0" total="4" passed="4" failed="0" skipped="0">
  <reporter-output>
  </reporter-output>
  <suite started-at="2025-02-07T15:02:22 IST" name="Default suite" finished-at="2025-02-07T15:03:17 IST" duration-ms="55001">
    <groups>
    </groups>
    <test started-at="2025-02-07T15:02:22 IST" name="Default test" finished-at="2025-02-07T15:03:17 IST" duration-ms="55001">
      <class name="MarketPlace.Tests.Submit">
        <test-method is-config="true" signature="launchApplication()[pri:0, instance:MarketPlace.Tests.Submit@3de8f619]" started-at="2025-02-07T15:02:22 IST" name="launchApplication" finished-at="2025-02-07T15:02:35 IST" duration-ms="13241" status="PASS">
          <reporter-output>
          </reporter-output>
        </test-method> <!-- launchApplication -->
        <test-method signature="Contactus(java.util.HashMap)[pri:0, instance:MarketPlace.Tests.Submit@3de8f619]" started-at="2025-02-07T15:02:35 IST" name="Contactus" data-provider="getContactUsData" finished-at="2025-02-07T15:02:44 IST" duration-ms="9205" status="PASS">
          <params>
            <param index="0">
              <value>
                <![CDATA[{name=John Doe, number=1234567890, description=I have a general question., email=johndoe@example.com, filePath=C:\Users\NWNB 2638\Downloads\Solar.jpg, queryType=Loan Request}]]>
              </value>
            </param>
          </params>
          <reporter-output>
          </reporter-output>
        </test-method> <!-- Contactus -->
        <test-method is-config="true" signature="launchApplication()[pri:0, instance:MarketPlace.Tests.Submit@3de8f619]" started-at="2025-02-07T15:02:44 IST" name="launchApplication" finished-at="2025-02-07T15:02:52 IST" duration-ms="7498" status="PASS">
          <reporter-output>
          </reporter-output>
        </test-method> <!-- launchApplication -->
        <test-method signature="Contactus(java.util.HashMap)[pri:0, instance:MarketPlace.Tests.Submit@3de8f619]" started-at="2025-02-07T15:02:52 IST" name="Contactus" data-provider="getContactUsData" finished-at="2025-02-07T15:02:59 IST" duration-ms="6630" status="PASS">
          <params>
            <param index="0">
              <value>
                <![CDATA[{name=Jane Smith, number=0987654321, description=I need help with my account., email=janesmith@example.com, filePath=C:\Users\NWNB 2638\Downloads\Land ownership .pdf, queryType=Buy Existing Project}]]>
              </value>
            </param>
          </params>
          <reporter-output>
          </reporter-output>
        </test-method> <!-- Contactus -->
        <test-method is-config="true" signature="launchApplication()[pri:0, instance:MarketPlace.Tests.Submit@3de8f619]" started-at="2025-02-07T15:02:59 IST" name="launchApplication" finished-at="2025-02-07T15:03:08 IST" duration-ms="9214" status="PASS">
          <reporter-output>
          </reporter-output>
        </test-method> <!-- launchApplication -->
        <test-method signature="Login(java.util.HashMap)[pri:0, instance:MarketPlace.Tests.Submit@3de8f619]" started-at="2025-02-07T15:03:08 IST" name="Login" data-provider="getData" finished-at="2025-02-07T15:03:08 IST" duration-ms="440" status="PASS">
          <params>
            <param index="0">
              <value>
                <![CDATA[{password=Test@1234, email=ruta@gmail.com}]]>
              </value>
            </param>
          </params>
          <reporter-output>
          </reporter-output>
        </test-method> <!-- Login -->
        <test-method is-config="true" signature="launchApplication()[pri:0, instance:MarketPlace.Tests.Submit@3de8f619]" started-at="2025-02-07T15:03:08 IST" name="launchApplication" finished-at="2025-02-07T15:03:16 IST" duration-ms="8034" status="PASS">
          <reporter-output>
          </reporter-output>
        </test-method> <!-- launchApplication -->
        <test-method signature="Login(java.util.HashMap)[pri:0, instance:MarketPlace.Tests.Submit@3de8f619]" started-at="2025-02-07T15:03:16 IST" name="Login" data-provider="getData" finished-at="2025-02-07T15:03:17 IST" duration-ms="400" status="PASS">
          <params>
            <param index="0">
              <value>
                <![CDATA[{password=Iamking@000, email=sona@gmail.com}]]>
              </value>
            </param>
          </params>
          <reporter-output>
          </reporter-output>
        </test-method> <!-- Login -->
      </class> <!-- MarketPlace.Tests.Submit -->
    </test> <!-- Default test -->
  </suite> <!-- Default suite -->
</testng-results>
